  [1m[36m (13.6ms)[0m  [1mCREATE TABLE "schema_migrations" ("version" character varying(255) NOT NULL) [0m
  [1m[35m (3.2ms)[0m  CREATE UNIQUE INDEX  "unique_schema_migrations" ON "schema_migrations"  ("version")
  [1m[36mActiveRecord::SchemaMigration Load (0.6ms)[0m  [1mSELECT "schema_migrations".* FROM "schema_migrations"[0m
Migrating to CreateDashboards (20140819003958)
  [1m[35m (0.2ms)[0m  BEGIN
  [1m[36m (9.7ms)[0m  [1mCREATE TABLE "dashboards" ("id" serial primary key, "uid" character varying(255), "provider" character varying(255), "user_id" integer, "name" text, "first_name" text, "last_name" text, "location" text, "description" text, "urls" text, "image" text, "phone" text, "email" text, "token" text, "secret" text, "created_at" timestamp, "updated_at" timestamp) [0m
  [1m[35mSQL (0.5ms)[0m  INSERT INTO "schema_migrations" ("version") VALUES ($1)  [["version", "20140819003958"]]
  [1m[36m (1.0ms)[0m  [1mCOMMIT[0m
  [1m[35mActiveRecord::SchemaMigration Load (0.6ms)[0m  SELECT "schema_migrations".* FROM "schema_migrations"


Started GET "/" for 127.0.0.1 at 2014-08-18 20:49:47 -0400
  [1m[36mActiveRecord::SchemaMigration Load (1.2ms)[0m  [1mSELECT "schema_migrations".* FROM "schema_migrations"[0m
Processing by Rails::WelcomeController#index as HTML
  Rendered /Users/JS_MBA/.rvm/gems/ruby-2.1.2/gems/railties-4.1.5/lib/rails/templates/rails/welcome/index.html.erb (2.4ms)
Completed 200 OK in 23ms (Views: 10.4ms | ActiveRecord: 0.0ms)


Started GET "/" for 127.0.0.1 at 2014-08-18 20:49:48 -0400
Processing by Rails::WelcomeController#index as HTML
  Rendered /Users/JS_MBA/.rvm/gems/ruby-2.1.2/gems/railties-4.1.5/lib/rails/templates/rails/welcome/index.html.erb (0.1ms)
Completed 200 OK in 2ms (Views: 1.4ms | ActiveRecord: 0.0ms)


Started GET "/" for 127.0.0.1 at 2014-08-18 20:52:52 -0400
Processing by Rails::WelcomeController#index as HTML
  Rendered /Users/JS_MBA/.rvm/gems/ruby-2.1.2/gems/railties-4.1.5/lib/rails/templates/rails/welcome/index.html.erb (0.1ms)
Completed 200 OK in 2ms (Views: 1.0ms | ActiveRecord: 0.0ms)


Started GET "/" for 127.0.0.1 at 2014-08-18 20:52:54 -0400
Processing by Rails::WelcomeController#index as HTML
  Rendered /Users/JS_MBA/.rvm/gems/ruby-2.1.2/gems/railties-4.1.5/lib/rails/templates/rails/welcome/index.html.erb (0.1ms)
Completed 200 OK in 2ms (Views: 1.5ms | ActiveRecord: 0.0ms)


Started GET "/" for 127.0.0.1 at 2014-08-18 20:53:10 -0400

ActionController::RoutingError (uninitialized constant DashboardController):
  activesupport (4.1.5) lib/active_support/inflector/methods.rb:238:in `const_get'
  activesupport (4.1.5) lib/active_support/inflector/methods.rb:238:in `block in constantize'
  activesupport (4.1.5) lib/active_support/inflector/methods.rb:236:in `each'
  activesupport (4.1.5) lib/active_support/inflector/methods.rb:236:in `inject'
  activesupport (4.1.5) lib/active_support/inflector/methods.rb:236:in `constantize'
  actionpack (4.1.5) lib/action_dispatch/routing/route_set.rb:78:in `controller_reference'
  actionpack (4.1.5) lib/action_dispatch/routing/route_set.rb:68:in `controller'
  actionpack (4.1.5) lib/action_dispatch/routing/route_set.rb:46:in `call'
  actionpack (4.1.5) lib/action_dispatch/journey/router.rb:71:in `block in call'
  actionpack (4.1.5) lib/action_dispatch/journey/router.rb:59:in `each'
  actionpack (4.1.5) lib/action_dispatch/journey/router.rb:59:in `call'
  actionpack (4.1.5) lib/action_dispatch/routing/route_set.rb:678:in `call'
  rack (1.5.2) lib/rack/etag.rb:23:in `call'
  rack (1.5.2) lib/rack/conditionalget.rb:25:in `call'
  rack (1.5.2) lib/rack/head.rb:11:in `call'
  actionpack (4.1.5) lib/action_dispatch/middleware/params_parser.rb:27:in `call'
  actionpack (4.1.5) lib/action_dispatch/middleware/flash.rb:254:in `call'
  rack (1.5.2) lib/rack/session/abstract/id.rb:225:in `context'
  rack (1.5.2) lib/rack/session/abstract/id.rb:220:in `call'
  actionpack (4.1.5) lib/action_dispatch/middleware/cookies.rb:560:in `call'
  activerecord (4.1.5) lib/active_record/query_cache.rb:36:in `call'
  activerecord (4.1.5) lib/active_record/connection_adapters/abstract/connection_pool.rb:621:in `call'
  activerecord (4.1.5) lib/active_record/migration.rb:380:in `call'
  actionpack (4.1.5) lib/action_dispatch/middleware/callbacks.rb:29:in `block in call'
  activesupport (4.1.5) lib/active_support/callbacks.rb:82:in `run_callbacks'
  actionpack (4.1.5) lib/action_dispatch/middleware/callbacks.rb:27:in `call'
  actionpack (4.1.5) lib/action_dispatch/middleware/reloader.rb:73:in `call'
  actionpack (4.1.5) lib/action_dispatch/middleware/remote_ip.rb:76:in `call'
  actionpack (4.1.5) lib/action_dispatch/middleware/debug_exceptions.rb:17:in `call'
  actionpack (4.1.5) lib/action_dispatch/middleware/show_exceptions.rb:30:in `call'
  railties (4.1.5) lib/rails/rack/logger.rb:38:in `call_app'
  railties (4.1.5) lib/rails/rack/logger.rb:20:in `block in call'
  activesupport (4.1.5) lib/active_support/tagged_logging.rb:68:in `block in tagged'
  activesupport (4.1.5) lib/active_support/tagged_logging.rb:26:in `tagged'
  activesupport (4.1.5) lib/active_support/tagged_logging.rb:68:in `tagged'
  railties (4.1.5) lib/rails/rack/logger.rb:20:in `call'
  quiet_assets (1.0.3) lib/quiet_assets.rb:23:in `call_with_quiet_assets'
  request_store (1.1.0) lib/request_store/middleware.rb:8:in `call'
  actionpack (4.1.5) lib/action_dispatch/middleware/request_id.rb:21:in `call'
  rack (1.5.2) lib/rack/methodoverride.rb:21:in `call'
  rack (1.5.2) lib/rack/runtime.rb:17:in `call'
  activesupport (4.1.5) lib/active_support/cache/strategy/local_cache_middleware.rb:26:in `call'
  rack (1.5.2) lib/rack/lock.rb:17:in `call'
  actionpack (4.1.5) lib/action_dispatch/middleware/static.rb:64:in `call'
  rack (1.5.2) lib/rack/sendfile.rb:112:in `call'
  railties (4.1.5) lib/rails/engine.rb:514:in `call'
  railties (4.1.5) lib/rails/application.rb:144:in `call'
  rack (1.5.2) lib/rack/lock.rb:17:in `call'
  rack (1.5.2) lib/rack/content_length.rb:14:in `call'
  rack (1.5.2) lib/rack/handler/webrick.rb:60:in `service'
  /Users/JS_MBA/.rvm/rubies/ruby-2.1.2/lib/ruby/2.1.0/webrick/httpserver.rb:138:in `service'
  /Users/JS_MBA/.rvm/rubies/ruby-2.1.2/lib/ruby/2.1.0/webrick/httpserver.rb:94:in `run'
  /Users/JS_MBA/.rvm/rubies/ruby-2.1.2/lib/ruby/2.1.0/webrick/server.rb:295:in `block in start_thread'


  Rendered /Users/JS_MBA/.rvm/gems/ruby-2.1.2/gems/actionpack-4.1.5/lib/action_dispatch/middleware/templates/rescues/_trace.html.erb (1.6ms)
  Rendered /Users/JS_MBA/.rvm/gems/ruby-2.1.2/gems/actionpack-4.1.5/lib/action_dispatch/middleware/templates/routes/_route.html.erb (1.8ms)
  Rendered /Users/JS_MBA/.rvm/gems/ruby-2.1.2/gems/actionpack-4.1.5/lib/action_dispatch/middleware/templates/routes/_table.html.erb (7.2ms)
  Rendered /Users/JS_MBA/.rvm/gems/ruby-2.1.2/gems/actionpack-4.1.5/lib/action_dispatch/middleware/templates/rescues/routing_error.html.erb within rescues/layout (37.2ms)


Started GET "/" for 127.0.0.1 at 2014-08-18 20:53:15 -0400
Processing by DashboardsController#index as HTML
  [1m[35mDashboard Load (2.2ms)[0m  SELECT "dashboards".* FROM "dashboards"
  Rendered dashboards/index.html.erb within layouts/application (3.9ms)
Completed 200 OK in 598ms (Views: 593.9ms | ActiveRecord: 2.2ms)


Started GET "/" for 127.0.0.1 at 2014-08-18 20:55:14 -0400
Processing by DashboardsController#index as HTML
  [1m[36mDashboard Load (0.4ms)[0m  [1mSELECT "dashboards".* FROM "dashboards"[0m
  Rendered dashboards/index.html.erb within layouts/application (1.8ms)
Completed 200 OK in 10ms (Views: 8.4ms | ActiveRecord: 0.4ms)


Started GET "/" for 127.0.0.1 at 2014-08-18 20:56:09 -0400
Processing by DashboardsController#index as HTML
  [1m[35mDashboard Load (0.4ms)[0m  SELECT "dashboards".* FROM "dashboards"
  Rendered dashboards/index.html.erb within layouts/application (1.2ms)
Completed 200 OK in 29ms (Views: 27.6ms | ActiveRecord: 0.4ms)


Started GET "/" for 127.0.0.1 at 2014-08-18 20:56:33 -0400
Processing by DashboardsController#index as HTML
  Rendered dashboards/index.html.erb within layouts/application (0.6ms)
Completed 200 OK in 10ms (Views: 8.9ms | ActiveRecord: 0.0ms)


Started GET "/" for 127.0.0.1 at 2014-08-18 20:56:39 -0400
Processing by DashboardsController#index as HTML
  Rendered dashboards/index.html.erb within layouts/application (0.5ms)
Completed 200 OK in 7ms (Views: 5.9ms | ActiveRecord: 0.0ms)


Started GET "/" for 127.0.0.1 at 2014-08-18 21:02:15 -0400
  [1m[36mActiveRecord::SchemaMigration Load (1.3ms)[0m  [1mSELECT "schema_migrations".* FROM "schema_migrations"[0m
Processing by DashboardsController#index as HTML
  Rendered dashboards/index.html.erb within layouts/application (1.6ms)
Completed 500 Internal Server Error in 78ms

ActionView::Template::Error (couldn't find file 'underscore'
  (in /Users/JS_MBA/Rails/social_map/app/assets/javascripts/application.js:17)):
     7: 	<meta name="viewport" content="width=device-width, initial-scale=1">
     8: 	<link href="//maxcdn.bootstrapcdn.com/bootstrap/3.2.0/css/bootstrap.min.css" rel="stylesheet">
     9: 	<%= stylesheet_link_tag    'application', media: 'all', 'data-turbolinks-track' => true %>
    10: 	<%= javascript_include_tag 'application', 'data-turbolinks-track' => true %>
    11: 
    12: 	<script src="//maxcdn.bootstrapcdn.com/bootstrap/3.2.0/js/bootstrap.min.js"></script>
    13: 	<script src="//maps.google.com/maps/api/js?v=3.13&amp;sensor=false&amp;libraries=geometry" type="text/javascript"></script>
  app/views/layouts/application.html.erb:10:in `_app_views_layouts_application_html_erb___2069311538396114739_70186099929040'


  Rendered /Users/JS_MBA/.rvm/gems/ruby-2.1.2/gems/actionpack-4.1.5/lib/action_dispatch/middleware/templates/rescues/_trace.html.erb (1.6ms)
  Rendered /Users/JS_MBA/.rvm/gems/ruby-2.1.2/gems/actionpack-4.1.5/lib/action_dispatch/middleware/templates/rescues/_request_and_response.html.erb (1.1ms)
  Rendered /Users/JS_MBA/.rvm/gems/ruby-2.1.2/gems/actionpack-4.1.5/lib/action_dispatch/middleware/templates/rescues/template_error.html.erb within rescues/layout (17.2ms)


Started GET "/" for 127.0.0.1 at 2014-08-18 21:02:56 -0400
  [1m[36mActiveRecord::SchemaMigration Load (0.8ms)[0m  [1mSELECT "schema_migrations".* FROM "schema_migrations"[0m
Processing by DashboardsController#index as HTML
  Rendered dashboards/index.html.erb within layouts/application (1.6ms)
Completed 200 OK in 4664ms (Views: 4648.6ms | ActiveRecord: 0.0ms)


Started GET "/" for 127.0.0.1 at 2014-08-18 21:04:05 -0400
Processing by DashboardsController#index as HTML
  Rendered dashboards/index.html.erb within layouts/application (0.7ms)
Completed 200 OK in 110ms (Views: 108.3ms | ActiveRecord: 0.0ms)


Started GET "/" for 127.0.0.1 at 2014-08-18 21:04:24 -0400
Processing by DashboardsController#index as HTML
  Rendered dashboards/index.html.erb within layouts/application (0.1ms)
Completed 200 OK in 18ms (Views: 17.0ms | ActiveRecord: 0.0ms)


Started GET "/" for 127.0.0.1 at 2014-08-18 21:07:32 -0400
Processing by DashboardsController#index as HTML
  Rendered dashboards/index.html.erb within layouts/application (0.4ms)
Completed 200 OK in 34ms (Views: 32.8ms | ActiveRecord: 0.0ms)


Started GET "/" for 127.0.0.1 at 2014-08-18 21:07:55 -0400
Processing by DashboardsController#index as HTML
  Rendered dashboards/index.html.erb within layouts/application (0.4ms)
Completed 200 OK in 42ms (Views: 41.0ms | ActiveRecord: 0.0ms)


Started GET "/" for 127.0.0.1 at 2014-08-18 21:08:33 -0400
Processing by DashboardsController#index as HTML
  Rendered dashboards/index.html.erb within layouts/application (0.1ms)
Completed 200 OK in 40ms (Views: 39.3ms | ActiveRecord: 0.0ms)


Started GET "/" for 127.0.0.1 at 2014-08-18 21:08:59 -0400
Processing by DashboardsController#index as HTML
  Rendered dashboards/index.html.erb within layouts/application (0.1ms)
Completed 200 OK in 68ms (Views: 66.8ms | ActiveRecord: 0.0ms)


Started GET "/" for 127.0.0.1 at 2014-08-18 21:09:15 -0400
Processing by DashboardsController#index as HTML
  Rendered dashboards/index.html.erb within layouts/application (0.1ms)
Completed 200 OK in 44ms (Views: 42.6ms | ActiveRecord: 0.0ms)


Started GET "/" for 127.0.0.1 at 2014-08-18 21:10:01 -0400
Processing by DashboardsController#index as HTML
  Rendered dashboards/index.html.erb within layouts/application (0.3ms)
Completed 200 OK in 19ms (Views: 18.1ms | ActiveRecord: 0.0ms)
  [1m[36mActiveRecord::SchemaMigration Load (2.1ms)[0m  [1mSELECT "schema_migrations".* FROM "schema_migrations"[0m
  [1m[35mActiveRecord::SchemaMigration Load (0.3ms)[0m  SELECT "schema_migrations".* FROM "schema_migrations"


Started GET "/" for 127.0.0.1 at 2014-08-18 21:46:40 -0400
  [1m[36mActiveRecord::SchemaMigration Load (0.5ms)[0m  [1mSELECT "schema_migrations".* FROM "schema_migrations"[0m
Processing by DashboardsController#index as HTML
  Rendered dashboards/index.html.erb within layouts/application (1.6ms)
Completed 200 OK in 490ms (Views: 472.2ms | ActiveRecord: 0.0ms)


Started GET "/" for 127.0.0.1 at 2014-08-18 21:46:41 -0400
Processing by DashboardsController#index as HTML
  Rendered dashboards/index.html.erb within layouts/application (0.0ms)
Completed 200 OK in 15ms (Views: 14.3ms | ActiveRecord: 0.0ms)


Started GET "/" for 127.0.0.1 at 2014-08-18 21:47:07 -0400
Processing by DashboardsController#index as HTML
  Rendered dashboards/index.html.erb within layouts/application (0.1ms)
Completed 200 OK in 18ms (Views: 17.2ms | ActiveRecord: 0.0ms)


Started GET "/" for 127.0.0.1 at 2014-08-18 21:47:14 -0400
Processing by DashboardsController#index as HTML
  Rendered dashboards/index.html.erb within layouts/application (0.0ms)
Completed 200 OK in 14ms (Views: 13.1ms | ActiveRecord: 0.0ms)


Started GET "/" for 127.0.0.1 at 2014-08-18 21:48:06 -0400
Processing by DashboardsController#index as HTML
  Rendered dashboards/index.html.erb within layouts/application (0.6ms)
Completed 200 OK in 21ms (Views: 19.9ms | ActiveRecord: 0.0ms)


Started GET "/" for 127.0.0.1 at 2014-08-18 21:48:34 -0400
  [1m[36mActiveRecord::SchemaMigration Load (1.0ms)[0m  [1mSELECT "schema_migrations".* FROM "schema_migrations"[0m
Processing by DashboardsController#index as HTML
  Rendered dashboards/index.html.erb within layouts/application (1.6ms)
Completed 200 OK in 289ms (Views: 275.8ms | ActiveRecord: 0.0ms)


Started GET "/" for 127.0.0.1 at 2014-08-18 21:49:06 -0400
Processing by DashboardsController#index as HTML
  Rendered dashboards/index.html.erb within layouts/application (0.4ms)
Completed 200 OK in 16ms (Views: 14.8ms | ActiveRecord: 0.0ms)


Started GET "/" for 127.0.0.1 at 2014-08-18 21:49:21 -0400
Processing by DashboardsController#index as HTML
  Rendered dashboards/index.html.erb within layouts/application (0.5ms)
Completed 200 OK in 16ms (Views: 15.1ms | ActiveRecord: 0.0ms)


Started GET "/" for 127.0.0.1 at 2014-08-18 21:49:32 -0400
Processing by DashboardsController#index as HTML
  Rendered dashboards/index.html.erb within layouts/application (0.3ms)
Completed 200 OK in 17ms (Views: 16.4ms | ActiveRecord: 0.0ms)


Started GET "/" for 127.0.0.1 at 2014-08-18 21:49:40 -0400
Processing by DashboardsController#index as HTML
  Rendered dashboards/index.html.erb within layouts/application (0.4ms)
Completed 200 OK in 16ms (Views: 15.0ms | ActiveRecord: 0.0ms)


Started GET "/" for 127.0.0.1 at 2014-08-18 21:50:10 -0400
Processing by DashboardsController#index as HTML
  Rendered dashboards/index.html.erb within layouts/application (0.5ms)
Completed 200 OK in 20ms (Views: 19.0ms | ActiveRecord: 0.0ms)


Started GET "/" for 127.0.0.1 at 2014-08-18 21:50:23 -0400
Processing by DashboardsController#index as HTML
  Rendered dashboards/index.html.erb within layouts/application (0.5ms)
Completed 200 OK in 16ms (Views: 15.4ms | ActiveRecord: 0.0ms)


Started GET "/" for 127.0.0.1 at 2014-08-18 21:50:30 -0400
Processing by DashboardsController#index as HTML
  Rendered dashboards/index.html.erb within layouts/application (0.6ms)
Completed 200 OK in 17ms (Views: 15.4ms | ActiveRecord: 0.0ms)


Started GET "/" for 127.0.0.1 at 2014-08-18 21:50:40 -0400
Processing by DashboardsController#index as HTML
  Rendered dashboards/index.html.erb within layouts/application (0.6ms)
Completed 200 OK in 45ms (Views: 44.5ms | ActiveRecord: 0.0ms)


Started GET "/" for 127.0.0.1 at 2014-08-18 21:50:46 -0400
Processing by DashboardsController#index as HTML
  Rendered dashboards/index.html.erb within layouts/application (0.7ms)
Completed 200 OK in 19ms (Views: 18.2ms | ActiveRecord: 0.0ms)


Started GET "/" for 127.0.0.1 at 2014-08-18 21:51:12 -0400
Processing by DashboardsController#index as HTML
  Rendered dashboards/index.html.erb within layouts/application (0.1ms)
Completed 200 OK in 34ms (Views: 33.7ms | ActiveRecord: 0.0ms)


Started GET "/" for 127.0.0.1 at 2014-08-18 21:52:00 -0400
Processing by DashboardsController#index as HTML
  Rendered dashboards/index.html.erb within layouts/application (0.1ms)
Completed 200 OK in 15ms (Views: 14.1ms | ActiveRecord: 0.0ms)


Started GET "/" for 127.0.0.1 at 2014-08-18 21:52:52 -0400
Processing by DashboardsController#index as HTML
  Rendered dashboards/index.html.erb within layouts/application (0.1ms)
Completed 500 Internal Server Error in 81ms

ActionView::Template::Error (couldn't find file 'modernizr'
  (in /Users/JS_MBA/Rails/social_map/app/assets/javascripts/application.js:19)):
     7: 	<meta name="viewport" content="width=device-width, initial-scale=1">
     8: 	<link href="//maxcdn.bootstrapcdn.com/bootstrap/3.2.0/css/bootstrap.min.css" rel="stylesheet">
     9: 	<%= stylesheet_link_tag    'application', media: 'all', 'data-turbolinks-track' => true %>
    10: 	<%= javascript_include_tag 'application', 'data-turbolinks-track' => true %>
    11: 
    12: 	<script src="//maxcdn.bootstrapcdn.com/bootstrap/3.2.0/js/bootstrap.min.js"></script>
    13: 	<script src="//maps.google.com/maps/api/js?v=3.13&amp;sensor=false&amp;libraries=geometry" type="text/javascript"></script>
  app/views/layouts/application.html.erb:10:in `_app_views_layouts_application_html_erb__4084829465971854124_70132262462660'


  Rendered /Users/JS_MBA/.rvm/gems/ruby-2.1.2/gems/actionpack-4.1.5/lib/action_dispatch/middleware/templates/rescues/_trace.html.erb (1.5ms)
  Rendered /Users/JS_MBA/.rvm/gems/ruby-2.1.2/gems/actionpack-4.1.5/lib/action_dispatch/middleware/templates/rescues/_request_and_response.html.erb (1.3ms)
  Rendered /Users/JS_MBA/.rvm/gems/ruby-2.1.2/gems/actionpack-4.1.5/lib/action_dispatch/middleware/templates/rescues/template_error.html.erb within rescues/layout (15.7ms)


Started GET "/" for 127.0.0.1 at 2014-08-18 21:52:56 -0400
Processing by DashboardsController#index as HTML
  Rendered dashboards/index.html.erb within layouts/application (0.1ms)
Completed 500 Internal Server Error in 81ms

ActionView::Template::Error (couldn't find file 'modernizr'
  (in /Users/JS_MBA/Rails/social_map/app/assets/javascripts/application.js:19)):
     7: 	<meta name="viewport" content="width=device-width, initial-scale=1">
     8: 	<link href="//maxcdn.bootstrapcdn.com/bootstrap/3.2.0/css/bootstrap.min.css" rel="stylesheet">
     9: 	<%= stylesheet_link_tag    'application', media: 'all', 'data-turbolinks-track' => true %>
    10: 	<%= javascript_include_tag 'application', 'data-turbolinks-track' => true %>
    11: 
    12: 	<script src="//maxcdn.bootstrapcdn.com/bootstrap/3.2.0/js/bootstrap.min.js"></script>
    13: 	<script src="//maps.google.com/maps/api/js?v=3.13&amp;sensor=false&amp;libraries=geometry" type="text/javascript"></script>
  app/views/layouts/application.html.erb:10:in `_app_views_layouts_application_html_erb__4084829465971854124_70132262462660'


  Rendered /Users/JS_MBA/.rvm/gems/ruby-2.1.2/gems/actionpack-4.1.5/lib/action_dispatch/middleware/templates/rescues/_trace.html.erb (2.1ms)
  Rendered /Users/JS_MBA/.rvm/gems/ruby-2.1.2/gems/actionpack-4.1.5/lib/action_dispatch/middleware/templates/rescues/_request_and_response.html.erb (1.0ms)
  Rendered /Users/JS_MBA/.rvm/gems/ruby-2.1.2/gems/actionpack-4.1.5/lib/action_dispatch/middleware/templates/rescues/template_error.html.erb within rescues/layout (12.3ms)


Started GET "/" for 127.0.0.1 at 2014-08-18 21:53:05 -0400
Processing by DashboardsController#index as HTML
  Rendered dashboards/index.html.erb within layouts/application (0.1ms)
Completed 500 Internal Server Error in 69ms

ActionView::Template::Error (couldn't find file 'vendor/modernizr'
  (in /Users/JS_MBA/Rails/social_map/app/assets/javascripts/application.js:19)):
     7: 	<meta name="viewport" content="width=device-width, initial-scale=1">
     8: 	<link href="//maxcdn.bootstrapcdn.com/bootstrap/3.2.0/css/bootstrap.min.css" rel="stylesheet">
     9: 	<%= stylesheet_link_tag    'application', media: 'all', 'data-turbolinks-track' => true %>
    10: 	<%= javascript_include_tag 'application', 'data-turbolinks-track' => true %>
    11: 
    12: 	<script src="//maxcdn.bootstrapcdn.com/bootstrap/3.2.0/js/bootstrap.min.js"></script>
    13: 	<script src="//maps.google.com/maps/api/js?v=3.13&amp;sensor=false&amp;libraries=geometry" type="text/javascript"></script>
  app/views/layouts/application.html.erb:10:in `_app_views_layouts_application_html_erb__4084829465971854124_70132262462660'


  Rendered /Users/JS_MBA/.rvm/gems/ruby-2.1.2/gems/actionpack-4.1.5/lib/action_dispatch/middleware/templates/rescues/_trace.html.erb (1.5ms)
  Rendered /Users/JS_MBA/.rvm/gems/ruby-2.1.2/gems/actionpack-4.1.5/lib/action_dispatch/middleware/templates/rescues/_request_and_response.html.erb (1.1ms)
  Rendered /Users/JS_MBA/.rvm/gems/ruby-2.1.2/gems/actionpack-4.1.5/lib/action_dispatch/middleware/templates/rescues/template_error.html.erb within rescues/layout (12.8ms)


Started GET "/" for 127.0.0.1 at 2014-08-18 21:54:18 -0400
  [1m[36mActiveRecord::SchemaMigration Load (1.3ms)[0m  [1mSELECT "schema_migrations".* FROM "schema_migrations"[0m
Processing by DashboardsController#index as HTML
  Rendered dashboards/index.html.erb within layouts/application (1.7ms)
Completed 200 OK in 256ms (Views: 243.6ms | ActiveRecord: 0.0ms)


Started GET "/" for 127.0.0.1 at 2014-08-18 21:54:51 -0400
Processing by DashboardsController#index as HTML
  Rendered dashboards/index.html.erb within layouts/application (0.1ms)
Completed 200 OK in 22ms (Views: 20.7ms | ActiveRecord: 0.0ms)


Started GET "/" for 127.0.0.1 at 2014-08-18 21:56:13 -0400
Processing by DashboardsController#index as HTML
  Rendered dashboards/index.html.erb within layouts/application (0.1ms)
Completed 200 OK in 76ms (Views: 75.2ms | ActiveRecord: 0.0ms)


Started GET "/" for 127.0.0.1 at 2014-08-18 21:56:27 -0400
  [1m[36mActiveRecord::SchemaMigration Load (0.6ms)[0m  [1mSELECT "schema_migrations".* FROM "schema_migrations"[0m
Processing by DashboardsController#index as HTML
  Rendered dashboards/index.html.erb within layouts/application (1.7ms)
Completed 200 OK in 221ms (Views: 209.2ms | ActiveRecord: 0.0ms)


Started GET "/" for 127.0.0.1 at 2014-08-18 21:57:07 -0400
Processing by DashboardsController#index as HTML
  Rendered dashboards/index.html.erb within layouts/application (0.1ms)
Completed 200 OK in 18ms (Views: 16.6ms | ActiveRecord: 0.0ms)


Started GET "/" for 127.0.0.1 at 2014-08-18 22:04:14 -0400
Processing by DashboardsController#index as HTML
  [1m[35mDashboard Load (1.5ms)[0m  SELECT "dashboards".* FROM "dashboards"
  Rendered dashboards/index.html.erb within layouts/application (0.5ms)
Completed 200 OK in 23ms (Views: 17.2ms | ActiveRecord: 1.5ms)


Started GET "/" for 127.0.0.1 at 2014-08-18 22:07:03 -0400
Processing by DashboardsController#index as HTML
  [1m[36mDashboard Load (0.4ms)[0m  [1mSELECT "dashboards".* FROM "dashboards"[0m
  Rendered dashboards/index.html.erb within layouts/application (15.3ms)
Completed 500 Internal Server Error in 19ms

ActionView::Template::Error (undefined method `gmaps' for #<#<Class:0x007f93f11f2ea8>:0x007f93ef518c88>):
    1: <div id="geolocation" ></div>    
    2: <%= gmaps(:map_options => {:detect_location => true, :center_on_user => true, :auto_zoom => false, :zoom => 12, :auto_adjust => true}, :markers => {:data => @json} ) %>
  app/views/dashboards/index.html.erb:2:in `_app_views_dashboards_index_html_erb___2453734716436609058_70136676030820'


  Rendered /Users/JS_MBA/.rvm/gems/ruby-2.1.2/gems/actionpack-4.1.5/lib/action_dispatch/middleware/templates/rescues/_trace.html.erb (1.3ms)
  Rendered /Users/JS_MBA/.rvm/gems/ruby-2.1.2/gems/actionpack-4.1.5/lib/action_dispatch/middleware/templates/rescues/_request_and_response.html.erb (1.0ms)
  Rendered /Users/JS_MBA/.rvm/gems/ruby-2.1.2/gems/actionpack-4.1.5/lib/action_dispatch/middleware/templates/rescues/template_error.html.erb within rescues/layout (13.5ms)


Started GET "/" for 127.0.0.1 at 2014-08-18 22:10:16 -0400
Processing by DashboardsController#index as HTML
  [1m[35mDashboard Load (0.3ms)[0m  SELECT "dashboards".* FROM "dashboards"
  Rendered dashboards/index.html.erb within layouts/application (0.6ms)
Completed 200 OK in 18ms (Views: 16.4ms | ActiveRecord: 0.3ms)


Started GET "/" for 127.0.0.1 at 2014-08-18 22:11:11 -0400
Processing by DashboardsController#index as HTML
  [1m[36mDashboard Load (0.4ms)[0m  [1mSELECT "dashboards".* FROM "dashboards"[0m
  Rendered dashboards/index.html.erb within layouts/application (0.1ms)
Completed 200 OK in 18ms (Views: 14.8ms | ActiveRecord: 0.4ms)


Started GET "/" for 127.0.0.1 at 2014-08-18 22:12:04 -0400
Processing by DashboardsController#index as HTML
  Rendered dashboards/index.html.erb within layouts/application (0.3ms)
Completed 200 OK in 16ms (Views: 14.2ms | ActiveRecord: 0.0ms)


Started GET "/" for 127.0.0.1 at 2014-08-18 22:13:19 -0400
Processing by DashboardsController#index as HTML
  Rendered dashboards/index.html.erb within layouts/application (0.6ms)
Completed 200 OK in 17ms (Views: 15.9ms | ActiveRecord: 0.0ms)


Started GET "/" for 127.0.0.1 at 2014-08-18 22:16:17 -0400
Processing by DashboardsController#index as HTML
  Rendered dashboards/index.html.erb within layouts/application (0.6ms)
Completed 200 OK in 18ms (Views: 16.8ms | ActiveRecord: 0.0ms)


Started GET "/" for 127.0.0.1 at 2014-08-18 22:16:56 -0400
Processing by DashboardsController#index as HTML
  Rendered dashboards/index.html.erb within layouts/application (0.5ms)
Completed 200 OK in 22ms (Views: 21.1ms | ActiveRecord: 0.0ms)


Started GET "/" for 127.0.0.1 at 2014-08-18 22:17:10 -0400
Processing by DashboardsController#index as HTML
  Rendered dashboards/index.html.erb within layouts/application (0.1ms)
Completed 200 OK in 125ms (Views: 124.1ms | ActiveRecord: 0.0ms)


Started GET "/" for 127.0.0.1 at 2014-08-18 22:17:41 -0400
Processing by DashboardsController#index as HTML
  Rendered dashboards/index.html.erb within layouts/application (0.5ms)
Completed 200 OK in 92ms (Views: 91.1ms | ActiveRecord: 0.0ms)


Started GET "/" for 127.0.0.1 at 2014-08-18 22:18:30 -0400
Processing by DashboardsController#index as HTML
  Rendered dashboards/index.html.erb within layouts/application (0.0ms)
Completed 200 OK in 91ms (Views: 90.4ms | ActiveRecord: 0.0ms)


Started GET "/" for 127.0.0.1 at 2014-08-18 22:18:39 -0400
Processing by DashboardsController#index as HTML
  Rendered dashboards/index.html.erb within layouts/application (0.1ms)
Completed 200 OK in 88ms (Views: 86.9ms | ActiveRecord: 0.0ms)


Started GET "/" for 127.0.0.1 at 2014-08-18 22:19:12 -0400
Processing by DashboardsController#index as HTML
  Rendered dashboards/index.html.erb within layouts/application (0.1ms)
Completed 200 OK in 81ms (Views: 80.3ms | ActiveRecord: 0.0ms)


Started GET "/" for 127.0.0.1 at 2014-08-18 22:19:48 -0400
Processing by DashboardsController#index as HTML
  Rendered dashboards/index.html.erb within layouts/application (0.6ms)
Completed 200 OK in 16ms (Views: 15.5ms | ActiveRecord: 0.0ms)


Started GET "/" for 127.0.0.1 at 2014-08-18 22:19:58 -0400
Processing by DashboardsController#index as HTML
  Rendered dashboards/index.html.erb within layouts/application (0.5ms)
Completed 200 OK in 16ms (Views: 15.3ms | ActiveRecord: 0.0ms)


Started GET "/" for 127.0.0.1 at 2014-08-18 22:20:38 -0400
Processing by DashboardsController#index as HTML
  Rendered dashboards/index.html.erb within layouts/application (0.4ms)
Completed 200 OK in 14ms (Views: 13.7ms | ActiveRecord: 0.0ms)


Started GET "/" for 127.0.0.1 at 2014-08-18 22:21:28 -0400
Processing by DashboardsController#index as HTML
  Rendered dashboards/index.html.erb within layouts/application (0.5ms)
Completed 200 OK in 18ms (Views: 17.2ms | ActiveRecord: 0.0ms)


Started GET "/" for 127.0.0.1 at 2014-08-18 22:22:00 -0400
Processing by DashboardsController#index as HTML
  Rendered dashboards/index.html.erb within layouts/application (0.6ms)
Completed 200 OK in 21ms (Views: 20.1ms | ActiveRecord: 0.0ms)


Started GET "/" for 127.0.0.1 at 2014-08-18 22:28:25 -0400
Processing by DashboardsController#index as HTML
Completed 500 Internal Server Error in 461ms

Faraday::SSLError (SSL_connect returned=1 errno=0 state=SSLv3 read server certificate B: certificate verify failed):
  app/controllers/dashboards_controller.rb:10:in `index'


  Rendered /Users/JS_MBA/.rvm/gems/ruby-2.1.2/gems/actionpack-4.1.5/lib/action_dispatch/middleware/templates/rescues/_source.erb (1.3ms)
  Rendered /Users/JS_MBA/.rvm/gems/ruby-2.1.2/gems/actionpack-4.1.5/lib/action_dispatch/middleware/templates/rescues/_trace.html.erb (1.9ms)
  Rendered /Users/JS_MBA/.rvm/gems/ruby-2.1.2/gems/actionpack-4.1.5/lib/action_dispatch/middleware/templates/rescues/_request_and_response.html.erb (1.7ms)
  Rendered /Users/JS_MBA/.rvm/gems/ruby-2.1.2/gems/actionpack-4.1.5/lib/action_dispatch/middleware/templates/rescues/diagnostics.erb within rescues/layout (23.2ms)


Started GET "/" for 127.0.0.1 at 2014-08-18 22:30:02 -0400
  [1m[36mActiveRecord::SchemaMigration Load (0.6ms)[0m  [1mSELECT "schema_migrations".* FROM "schema_migrations"[0m
Processing by DashboardsController#index as HTML
Completed 500 Internal Server Error in 114ms

Faraday::SSLError (SSL_connect returned=1 errno=0 state=SSLv3 read server certificate B: certificate verify failed):
  app/controllers/dashboards_controller.rb:10:in `index'


  Rendered /Users/JS_MBA/.rvm/gems/ruby-2.1.2/gems/actionpack-4.1.5/lib/action_dispatch/middleware/templates/rescues/_source.erb (0.9ms)
  Rendered /Users/JS_MBA/.rvm/gems/ruby-2.1.2/gems/actionpack-4.1.5/lib/action_dispatch/middleware/templates/rescues/_trace.html.erb (1.8ms)
  Rendered /Users/JS_MBA/.rvm/gems/ruby-2.1.2/gems/actionpack-4.1.5/lib/action_dispatch/middleware/templates/rescues/_request_and_response.html.erb (1.3ms)
  Rendered /Users/JS_MBA/.rvm/gems/ruby-2.1.2/gems/actionpack-4.1.5/lib/action_dispatch/middleware/templates/rescues/diagnostics.erb within rescues/layout (26.5ms)


Started GET "/" for 127.0.0.1 at 2014-08-18 22:50:12 -0400
  [1m[36mActiveRecord::SchemaMigration Load (1.0ms)[0m  [1mSELECT "schema_migrations".* FROM "schema_migrations"[0m
Processing by DashboardsController#index as HTML
Completed 500 Internal Server Error in 439ms

Faraday::SSLError (SSL_connect returned=1 errno=0 state=SSLv3 read server certificate B: certificate verify failed):
  app/controllers/dashboards_controller.rb:10:in `index'


  Rendered /Users/JS_MBA/.rvm/gems/ruby-2.1.2/gems/actionpack-4.1.5/lib/action_dispatch/middleware/templates/rescues/_source.erb (0.6ms)
  Rendered /Users/JS_MBA/.rvm/gems/ruby-2.1.2/gems/actionpack-4.1.5/lib/action_dispatch/middleware/templates/rescues/_trace.html.erb (1.2ms)
  Rendered /Users/JS_MBA/.rvm/gems/ruby-2.1.2/gems/actionpack-4.1.5/lib/action_dispatch/middleware/templates/rescues/_request_and_response.html.erb (1.1ms)
  Rendered /Users/JS_MBA/.rvm/gems/ruby-2.1.2/gems/actionpack-4.1.5/lib/action_dispatch/middleware/templates/rescues/diagnostics.erb within rescues/layout (18.9ms)


Started GET "/" for 127.0.0.1 at 2014-08-18 23:10:51 -0400
  [1m[36mActiveRecord::SchemaMigration Load (2.1ms)[0m  [1mSELECT "schema_migrations".* FROM "schema_migrations"[0m
Processing by DashboardsController#index as HTML
Completed 500 Internal Server Error in 589ms

Instagram::BadRequest (GET https://api.instagram.com/v1/media/search.json?lat=37.7808851&lng=-122.3948632: 400: Missing client_id or access_token URL parameter.):
  app/controllers/dashboards_controller.rb:10:in `index'


  Rendered /Users/JS_MBA/.rbenv/versions/2.1.2/lib/ruby/gems/2.1.0/gems/actionpack-4.1.5/lib/action_dispatch/middleware/templates/rescues/_source.erb (0.8ms)
  Rendered /Users/JS_MBA/.rbenv/versions/2.1.2/lib/ruby/gems/2.1.0/gems/actionpack-4.1.5/lib/action_dispatch/middleware/templates/rescues/_trace.html.erb (2.4ms)
  Rendered /Users/JS_MBA/.rbenv/versions/2.1.2/lib/ruby/gems/2.1.0/gems/actionpack-4.1.5/lib/action_dispatch/middleware/templates/rescues/_request_and_response.html.erb (1.0ms)
  Rendered /Users/JS_MBA/.rbenv/versions/2.1.2/lib/ruby/gems/2.1.0/gems/actionpack-4.1.5/lib/action_dispatch/middleware/templates/rescues/diagnostics.erb within rescues/layout (28.7ms)


Started GET "/" for 127.0.0.1 at 2014-08-18 23:12:02 -0400
Processing by DashboardsController#index as HTML
Completed 500 Internal Server Error in 555ms

Instagram::BadRequest (GET https://api.instagram.com/v1/media/search.json?lat=37.7808851&lng=-122.3948632: 400: Missing client_id or access_token URL parameter.):
  app/controllers/dashboards_controller.rb:10:in `index'


  Rendered /Users/JS_MBA/.rbenv/versions/2.1.2/lib/ruby/gems/2.1.0/gems/actionpack-4.1.5/lib/action_dispatch/middleware/templates/rescues/_source.erb (1.2ms)
  Rendered /Users/JS_MBA/.rbenv/versions/2.1.2/lib/ruby/gems/2.1.0/gems/actionpack-4.1.5/lib/action_dispatch/middleware/templates/rescues/_trace.html.erb (1.9ms)
  Rendered /Users/JS_MBA/.rbenv/versions/2.1.2/lib/ruby/gems/2.1.0/gems/actionpack-4.1.5/lib/action_dispatch/middleware/templates/rescues/_request_and_response.html.erb (1.6ms)
  Rendered /Users/JS_MBA/.rbenv/versions/2.1.2/lib/ruby/gems/2.1.0/gems/actionpack-4.1.5/lib/action_dispatch/middleware/templates/rescues/diagnostics.erb within rescues/layout (22.1ms)


Started GET "/" for 127.0.0.1 at 2014-08-18 23:12:11 -0400
Processing by DashboardsController#index as HTML
  Rendered dashboards/index.html.erb within layouts/application (0.4ms)
Completed 200 OK in 4926ms (Views: 4923.3ms | ActiveRecord: 0.0ms)


Started GET "/" for 127.0.0.1 at 2014-08-18 23:13:30 -0400
  [1m[36mActiveRecord::SchemaMigration Load (0.6ms)[0m  [1mSELECT "schema_migrations".* FROM "schema_migrations"[0m
Processing by DashboardsController#index as HTML
  Rendered dashboards/index.html.erb within layouts/application (1.5ms)
Completed 200 OK in 256ms (Views: 244.3ms | ActiveRecord: 0.0ms)


Started GET "/" for 127.0.0.1 at 2014-08-18 23:13:43 -0400
Processing by DashboardsController#index as HTML
  Rendered dashboards/index.html.erb within layouts/application (0.1ms)
Completed 200 OK in 366ms (Views: 13.5ms | ActiveRecord: 0.0ms)


Started GET "/" for 127.0.0.1 at 2014-08-18 23:15:48 -0400
Processing by DashboardsController#index as HTML
  Rendered dashboards/index.html.erb within layouts/application (0.1ms)
Completed 200 OK in 377ms (Views: 32.7ms | ActiveRecord: 0.0ms)


Started GET "/" for 127.0.0.1 at 2014-08-18 23:18:55 -0400
Processing by DashboardsController#index as HTML
  Rendered dashboards/index.html.erb within layouts/application (0.0ms)
Completed 200 OK in 1452ms (Views: 109.7ms | ActiveRecord: 0.0ms)


Started GET "/" for 127.0.0.1 at 2014-08-18 23:22:35 -0400
Processing by DashboardsController#index as HTML
  Rendered dashboards/index.html.erb within layouts/application (0.1ms)
Completed 200 OK in 459ms (Views: 140.3ms | ActiveRecord: 0.0ms)


Started GET "/" for 127.0.0.1 at 2014-08-18 23:23:07 -0400
Processing by DashboardsController#index as HTML
  Rendered dashboards/index.html.erb within layouts/application (0.5ms)
Completed 200 OK in 937ms (Views: 32.4ms | ActiveRecord: 0.0ms)


Started GET "/" for 127.0.0.1 at 2014-08-18 23:23:17 -0400
Processing by DashboardsController#index as HTML
  Rendered dashboards/index.html.erb within layouts/application (0.4ms)
Completed 200 OK in 4568ms (Views: 24.7ms | ActiveRecord: 0.0ms)


Started GET "/" for 127.0.0.1 at 2014-08-18 23:26:26 -0400
Processing by DashboardsController#index as HTML
  Rendered dashboards/index.html.erb within layouts/application (0.5ms)
Completed 200 OK in 829ms (Views: 111.8ms | ActiveRecord: 0.0ms)


Started GET "/" for 127.0.0.1 at 2014-08-18 23:26:37 -0400
Processing by DashboardsController#index as HTML
  Rendered dashboards/index.html.erb within layouts/application (0.1ms)
Completed 200 OK in 404ms (Views: 100.6ms | ActiveRecord: 0.0ms)


Started GET "/" for 127.0.0.1 at 2014-08-18 23:27:03 -0400
Processing by DashboardsController#index as HTML
  Rendered dashboards/index.html.erb within layouts/application (0.1ms)
Completed 200 OK in 882ms (Views: 91.3ms | ActiveRecord: 0.0ms)


Started GET "/" for 127.0.0.1 at 2014-08-18 23:28:10 -0400
Processing by DashboardsController#index as HTML
  Rendered dashboards/index.html.erb within layouts/application (0.1ms)
Completed 200 OK in 768ms (Views: 89.9ms | ActiveRecord: 0.0ms)


Started GET "/" for 127.0.0.1 at 2014-08-18 23:28:42 -0400
Processing by DashboardsController#index as HTML
  Rendered dashboards/index.html.erb within layouts/application (0.1ms)
Completed 200 OK in 446ms (Views: 99.7ms | ActiveRecord: 0.0ms)


Started GET "/" for 127.0.0.1 at 2014-08-18 23:29:26 -0400
Processing by DashboardsController#index as HTML
  Rendered dashboards/index.html.erb within layouts/application (0.1ms)
Completed 200 OK in 676ms (Views: 99.6ms | ActiveRecord: 0.0ms)


Started GET "/" for 127.0.0.1 at 2014-08-18 23:30:06 -0400
Processing by DashboardsController#index as HTML
  Rendered dashboards/index.html.erb within layouts/application (0.1ms)
Completed 200 OK in 418ms (Views: 99.4ms | ActiveRecord: 0.0ms)


Started GET "/" for 127.0.0.1 at 2014-08-18 23:30:22 -0400
Processing by DashboardsController#index as HTML
  Rendered dashboards/index.html.erb within layouts/application (0.0ms)
Completed 200 OK in 467ms (Views: 98.9ms | ActiveRecord: 0.0ms)


Started GET "/" for 127.0.0.1 at 2014-08-18 23:31:04 -0400
Processing by DashboardsController#index as HTML
  Rendered dashboards/index.html.erb within layouts/application (0.1ms)
Completed 200 OK in 773ms (Views: 111.6ms | ActiveRecord: 0.0ms)


Started GET "/" for 127.0.0.1 at 2014-08-18 23:31:58 -0400
Processing by DashboardsController#index as HTML
  Rendered dashboards/index.html.erb within layouts/application (0.1ms)
Completed 200 OK in 441ms (Views: 89.8ms | ActiveRecord: 0.0ms)


Started GET "/" for 127.0.0.1 at 2014-08-18 23:32:21 -0400
Processing by DashboardsController#index as HTML
  Rendered dashboards/index.html.erb within layouts/application (0.1ms)
Completed 200 OK in 399ms (Views: 86.4ms | ActiveRecord: 0.0ms)


Started GET "/" for 127.0.0.1 at 2014-08-18 23:32:36 -0400
Processing by DashboardsController#index as HTML
  Rendered dashboards/index.html.erb within layouts/application (0.0ms)
Completed 200 OK in 724ms (Views: 94.1ms | ActiveRecord: 0.0ms)


Started GET "/" for 127.0.0.1 at 2014-08-18 23:33:43 -0400
Processing by DashboardsController#index as HTML
  Rendered dashboards/index.html.erb within layouts/application (0.0ms)
Completed 200 OK in 755ms (Views: 89.4ms | ActiveRecord: 0.0ms)


Started GET "/" for 127.0.0.1 at 2014-08-18 23:33:55 -0400
Processing by DashboardsController#index as HTML
  Rendered dashboards/index.html.erb within layouts/application (0.1ms)
Completed 200 OK in 1475ms (Views: 96.7ms | ActiveRecord: 0.0ms)


Started GET "/" for 127.0.0.1 at 2014-08-18 23:34:16 -0400
Processing by DashboardsController#index as HTML
  Rendered dashboards/index.html.erb within layouts/application (0.1ms)
Completed 200 OK in 436ms (Views: 97.0ms | ActiveRecord: 0.0ms)


Started GET "/" for 127.0.0.1 at 2014-08-18 23:34:33 -0400
Processing by DashboardsController#index as HTML
  Rendered dashboards/index.html.erb within layouts/application (0.4ms)
Completed 200 OK in 694ms (Views: 25.8ms | ActiveRecord: 0.0ms)


Started GET "/" for 127.0.0.1 at 2014-08-18 23:37:16 -0400
Processing by DashboardsController#index as HTML
  Rendered dashboards/index.html.erb within layouts/application (0.6ms)
Completed 200 OK in 481ms (Views: 96.8ms | ActiveRecord: 0.0ms)


Started GET "/" for 127.0.0.1 at 2014-08-18 23:37:50 -0400
Processing by DashboardsController#index as HTML
  Rendered dashboards/index.html.erb within layouts/application (0.4ms)
Completed 200 OK in 360ms (Views: 24.8ms | ActiveRecord: 0.0ms)


Started GET "/" for 127.0.0.1 at 2014-08-18 23:37:58 -0400
Processing by DashboardsController#index as HTML
  Rendered dashboards/index.html.erb within layouts/application (0.4ms)
Completed 200 OK in 351ms (Views: 28.0ms | ActiveRecord: 0.0ms)


Started GET "/" for 127.0.0.1 at 2014-08-18 23:38:30 -0400
Processing by DashboardsController#index as HTML
  Rendered dashboards/index.html.erb within layouts/application (0.4ms)
Completed 200 OK in 719ms (Views: 49.6ms | ActiveRecord: 0.0ms)


Started GET "/" for 127.0.0.1 at 2014-08-18 23:43:45 -0400
Processing by DashboardsController#index as HTML
  Rendered dashboards/index.html.erb within layouts/application (0.8ms)
Completed 200 OK in 719ms (Views: 37.9ms | ActiveRecord: 0.0ms)


Started GET "/" for 127.0.0.1 at 2014-08-18 23:44:41 -0400
Processing by DashboardsController#index as HTML
  Rendered dashboards/index.html.erb within layouts/application (0.4ms)
Completed 200 OK in 713ms (Views: 26.0ms | ActiveRecord: 0.0ms)


Started GET "/" for 127.0.0.1 at 2014-08-18 23:44:49 -0400
Processing by DashboardsController#index as HTML
  Rendered dashboards/index.html.erb within layouts/application (0.4ms)
Completed 200 OK in 320ms (Views: 30.1ms | ActiveRecord: 0.0ms)


Started GET "/" for 127.0.0.1 at 2014-08-18 23:44:54 -0400
Processing by DashboardsController#index as HTML
  Rendered dashboards/index.html.erb within layouts/application (0.4ms)
Completed 200 OK in 356ms (Views: 28.7ms | ActiveRecord: 0.0ms)


Started GET "/" for 127.0.0.1 at 2014-08-18 23:45:29 -0400
Processing by DashboardsController#index as HTML
  Rendered dashboards/index.html.erb within layouts/application (0.4ms)
Completed 200 OK in 1759ms (Views: 29.6ms | ActiveRecord: 0.0ms)


Started GET "/" for 127.0.0.1 at 2014-08-18 23:46:41 -0400
Processing by DashboardsController#index as HTML
  Rendered dashboards/index.html.erb within layouts/application (0.4ms)
Completed 200 OK in 673ms (Views: 31.7ms | ActiveRecord: 0.0ms)


Started GET "/" for 127.0.0.1 at 2014-08-18 23:47:02 -0400
Processing by DashboardsController#index as HTML
  Rendered dashboards/index.html.erb within layouts/application (0.4ms)
Completed 200 OK in 316ms (Views: 29.0ms | ActiveRecord: 0.0ms)


Started GET "/" for 127.0.0.1 at 2014-08-18 23:48:02 -0400
Processing by DashboardsController#index as HTML
  Rendered dashboards/index.html.erb within layouts/application (0.4ms)
Completed 200 OK in 848ms (Views: 30.7ms | ActiveRecord: 0.0ms)


Started GET "/" for 127.0.0.1 at 2014-08-18 23:48:16 -0400
Processing by DashboardsController#index as HTML
  Rendered dashboards/index.html.erb within layouts/application (0.6ms)
Completed 200 OK in 333ms (Views: 29.6ms | ActiveRecord: 0.0ms)


Started GET "/" for 127.0.0.1 at 2014-08-18 23:48:38 -0400
Processing by DashboardsController#index as HTML
  Rendered dashboards/index.html.erb within layouts/application (0.5ms)
Completed 200 OK in 343ms (Views: 28.3ms | ActiveRecord: 0.0ms)


Started GET "/" for 127.0.0.1 at 2014-08-18 23:52:24 -0400
Processing by DashboardsController#index as HTML
  Rendered dashboards/index.html.erb within layouts/application (0.4ms)
Completed 200 OK in 460ms (Views: 27.5ms | ActiveRecord: 0.0ms)


Started GET "/" for 127.0.0.1 at 2014-08-18 23:53:13 -0400
Processing by DashboardsController#index as HTML
  Rendered dashboards/index.html.erb within layouts/application (0.4ms)
Completed 200 OK in 447ms (Views: 23.3ms | ActiveRecord: 0.0ms)


Started GET "/" for 127.0.0.1 at 2014-08-18 23:53:56 -0400
Processing by DashboardsController#index as HTML
  Rendered dashboards/index.html.erb within layouts/application (0.1ms)
Completed 200 OK in 761ms (Views: 115.5ms | ActiveRecord: 0.0ms)


Started GET "/" for 127.0.0.1 at 2014-08-18 23:55:01 -0400
Processing by DashboardsController#index as HTML
  Rendered dashboards/index.html.erb within layouts/application (0.4ms)
Completed 200 OK in 761ms (Views: 24.6ms | ActiveRecord: 0.0ms)


Started GET "/" for 127.0.0.1 at 2014-08-18 23:55:21 -0400
Processing by DashboardsController#index as HTML
  Rendered dashboards/index.html.erb within layouts/application (0.4ms)
Completed 200 OK in 685ms (Views: 25.8ms | ActiveRecord: 0.0ms)


Started GET "/" for 127.0.0.1 at 2014-08-18 23:55:44 -0400
Processing by DashboardsController#index as HTML
  Rendered dashboards/index.html.erb within layouts/application (0.4ms)
Completed 200 OK in 370ms (Views: 27.3ms | ActiveRecord: 0.0ms)


Started GET "/" for 127.0.0.1 at 2014-08-18 23:56:26 -0400
Processing by DashboardsController#index as HTML
  Rendered dashboards/index.html.erb within layouts/application (0.4ms)
Completed 200 OK in 683ms (Views: 25.4ms | ActiveRecord: 0.0ms)


Started GET "/" for 127.0.0.1 at 2014-08-18 23:58:30 -0400
Processing by DashboardsController#index as HTML
  Rendered dashboards/index.html.erb within layouts/application (0.5ms)
Completed 200 OK in 338ms (Views: 35.8ms | ActiveRecord: 0.0ms)


Started GET "/" for 127.0.0.1 at 2014-08-18 23:59:18 -0400
Processing by DashboardsController#index as HTML
  Rendered dashboards/index.html.erb within layouts/application (0.4ms)
Completed 200 OK in 762ms (Views: 25.5ms | ActiveRecord: 0.0ms)


Started GET "/" for 127.0.0.1 at 2014-08-18 23:59:58 -0400
Processing by DashboardsController#index as HTML
  Rendered dashboards/index.html.erb within layouts/application (0.5ms)
Completed 200 OK in 338ms (Views: 36.8ms | ActiveRecord: 0.0ms)


Started GET "/" for 127.0.0.1 at 2014-08-19 00:00:14 -0400
Processing by DashboardsController#index as HTML
  Rendered dashboards/index.html.erb within layouts/application (0.5ms)
Completed 200 OK in 687ms (Views: 27.8ms | ActiveRecord: 0.0ms)


Started GET "/" for 127.0.0.1 at 2014-08-19 00:01:02 -0400
Processing by DashboardsController#index as HTML
  Rendered dashboards/index.html.erb within layouts/application (0.5ms)
Completed 200 OK in 382ms (Views: 31.0ms | ActiveRecord: 0.0ms)


Started GET "/" for 127.0.0.1 at 2014-08-19 00:01:57 -0400
Processing by DashboardsController#index as HTML
  Rendered dashboards/index.html.erb within layouts/application (0.4ms)
Completed 200 OK in 704ms (Views: 25.4ms | ActiveRecord: 0.0ms)


Started GET "/" for 127.0.0.1 at 2014-08-19 00:02:06 -0400
Processing by DashboardsController#index as HTML
  Rendered dashboards/index.html.erb within layouts/application (0.5ms)
Completed 200 OK in 461ms (Views: 24.7ms | ActiveRecord: 0.0ms)


Started GET "/" for 127.0.0.1 at 2014-08-19 00:02:16 -0400
Processing by DashboardsController#index as HTML
  Rendered dashboards/index.html.erb within layouts/application (0.4ms)
Completed 200 OK in 353ms (Views: 24.5ms | ActiveRecord: 0.0ms)


Started GET "/" for 127.0.0.1 at 2014-08-19 00:02:28 -0400
Processing by DashboardsController#index as HTML
  Rendered dashboards/index.html.erb within layouts/application (0.4ms)
Completed 200 OK in 335ms (Views: 25.9ms | ActiveRecord: 0.0ms)


Started GET "/" for 127.0.0.1 at 2014-08-19 00:02:52 -0400
Processing by DashboardsController#index as HTML
  Rendered dashboards/index.html.erb within layouts/application (0.5ms)
Completed 200 OK in 356ms (Views: 27.5ms | ActiveRecord: 0.0ms)


Started GET "/" for 127.0.0.1 at 2014-08-19 00:03:00 -0400
Processing by DashboardsController#index as HTML
  Rendered dashboards/index.html.erb within layouts/application (0.7ms)
Completed 200 OK in 371ms (Views: 42.7ms | ActiveRecord: 0.0ms)


Started GET "/" for 127.0.0.1 at 2014-08-19 00:03:14 -0400
Processing by DashboardsController#index as HTML
  Rendered dashboards/index.html.erb within layouts/application (0.6ms)
Completed 200 OK in 687ms (Views: 39.5ms | ActiveRecord: 0.0ms)


Started GET "/" for 127.0.0.1 at 2014-08-19 00:03:24 -0400
Processing by DashboardsController#index as HTML
  Rendered dashboards/index.html.erb within layouts/application (0.8ms)
Completed 200 OK in 365ms (Views: 41.7ms | ActiveRecord: 0.0ms)


Started GET "/" for 127.0.0.1 at 2014-08-19 00:04:00 -0400
Processing by DashboardsController#index as HTML
  Rendered dashboards/index.html.erb within layouts/application (0.1ms)
Completed 200 OK in 534ms (Views: 174.5ms | ActiveRecord: 0.0ms)


Started GET "/" for 127.0.0.1 at 2014-08-19 00:04:13 -0400
Processing by DashboardsController#index as HTML
  Rendered dashboards/index.html.erb within layouts/application (0.0ms)
Completed 200 OK in 402ms (Views: 94.6ms | ActiveRecord: 0.0ms)


Started GET "/" for 127.0.0.1 at 2014-08-19 00:04:28 -0400
Processing by DashboardsController#index as HTML
  Rendered dashboards/index.html.erb within layouts/application (0.3ms)
Completed 200 OK in 312ms (Views: 27.2ms | ActiveRecord: 0.0ms)


Started GET "/" for 127.0.0.1 at 2014-08-19 00:08:54 -0400
Processing by DashboardsController#index as HTML
  Rendered dashboards/index.html.erb within layouts/application (0.1ms)
Completed 200 OK in 778ms (Views: 45.5ms | ActiveRecord: 0.0ms)


Started GET "/" for 127.0.0.1 at 2014-08-19 00:09:42 -0400
Processing by DashboardsController#index as HTML
  Rendered dashboards/index.html.erb within layouts/application (0.1ms)
Completed 200 OK in 692ms (Views: 27.8ms | ActiveRecord: 0.0ms)


Started GET "/" for 127.0.0.1 at 2014-08-19 00:09:51 -0400
Processing by DashboardsController#index as HTML
  Rendered dashboards/index.html.erb within layouts/application (0.1ms)
Completed 200 OK in 382ms (Views: 24.3ms | ActiveRecord: 0.0ms)


Started GET "/" for 127.0.0.1 at 2014-08-19 00:10:30 -0400
Processing by DashboardsController#index as HTML
  Rendered dashboards/index.html.erb within layouts/application (0.1ms)
Completed 200 OK in 725ms (Views: 67.5ms | ActiveRecord: 0.0ms)


Started GET "/" for 127.0.0.1 at 2014-08-19 00:11:03 -0400
Processing by DashboardsController#index as HTML
  Rendered dashboards/index.html.erb within layouts/application (0.0ms)
Completed 500 Internal Server Error in 358ms

ActionView::Template::Error (Invalid CSS after "@white:": expected pseudoclass or pseudoelement, was " #ffffff; "
  (in /Users/JS_MBA/Rails/social_map/app/assets/stylesheets/bootstrap_overrides.css.scss:4)):
     7: 	<meta http-equiv="X-UA-Compatible" content="IE=edge">
     8: 	<meta name="viewport" content="width=device-width, initial-scale=1">
     9: 	<link href="//maxcdn.bootstrapcdn.com/bootstrap/3.2.0/css/bootstrap.min.css" rel="stylesheet">
    10: 	<%= stylesheet_link_tag    'application', media: 'all', 'data-turbolinks-track' => true %>
    11: 	<%= javascript_include_tag 'application', 'data-turbolinks-track' => true %>
    12: 	
    13: 	<script src="//maxcdn.bootstrapcdn.com/bootstrap/3.2.0/js/bootstrap.min.js"></script>
  app/assets/stylesheets/bootstrap_overrides.css.scss:4
  app/views/layouts/application.html.erb:10:in `_app_views_layouts_application_html_erb___3176846184008815846_70311169823820'


  Rendered /Users/JS_MBA/.rbenv/versions/2.1.2/lib/ruby/gems/2.1.0/gems/actionpack-4.1.5/lib/action_dispatch/middleware/templates/rescues/_trace.html.erb (1.3ms)
  Rendered /Users/JS_MBA/.rbenv/versions/2.1.2/lib/ruby/gems/2.1.0/gems/actionpack-4.1.5/lib/action_dispatch/middleware/templates/rescues/_request_and_response.html.erb (1.7ms)
  Rendered /Users/JS_MBA/.rbenv/versions/2.1.2/lib/ruby/gems/2.1.0/gems/actionpack-4.1.5/lib/action_dispatch/middleware/templates/rescues/template_error.html.erb within rescues/layout (18.2ms)


Started GET "/" for 127.0.0.1 at 2014-08-19 00:11:30 -0400
Processing by DashboardsController#index as HTML
  Rendered dashboards/index.html.erb within layouts/application (0.0ms)
Completed 500 Internal Server Error in 321ms

ActionView::Template::Error (Invalid CSS after "	border-bottom:": expected pseudoclass or pseudoelement, was " 4px solid rgba..."
  (in /Users/JS_MBA/Rails/social_map/app/assets/stylesheets/bootstrap_overrides.css.scss:7)):
     7: 	<meta http-equiv="X-UA-Compatible" content="IE=edge">
     8: 	<meta name="viewport" content="width=device-width, initial-scale=1">
     9: 	<link href="//maxcdn.bootstrapcdn.com/bootstrap/3.2.0/css/bootstrap.min.css" rel="stylesheet">
    10: 	<%= stylesheet_link_tag    'application', media: 'all', 'data-turbolinks-track' => true %>
    11: 	<%= javascript_include_tag 'application', 'data-turbolinks-track' => true %>
    12: 	
    13: 	<script src="//maxcdn.bootstrapcdn.com/bootstrap/3.2.0/js/bootstrap.min.js"></script>
  app/assets/stylesheets/bootstrap_overrides.css.scss:7
  app/views/layouts/application.html.erb:10:in `_app_views_layouts_application_html_erb___3176846184008815846_70311169823820'


  Rendered /Users/JS_MBA/.rbenv/versions/2.1.2/lib/ruby/gems/2.1.0/gems/actionpack-4.1.5/lib/action_dispatch/middleware/templates/rescues/_trace.html.erb (1.6ms)
  Rendered /Users/JS_MBA/.rbenv/versions/2.1.2/lib/ruby/gems/2.1.0/gems/actionpack-4.1.5/lib/action_dispatch/middleware/templates/rescues/_request_and_response.html.erb (1.0ms)
  Rendered /Users/JS_MBA/.rbenv/versions/2.1.2/lib/ruby/gems/2.1.0/gems/actionpack-4.1.5/lib/action_dispatch/middleware/templates/rescues/template_error.html.erb within rescues/layout (12.6ms)


Started GET "/" for 127.0.0.1 at 2014-08-19 00:12:32 -0400
Processing by DashboardsController#index as HTML
  Rendered dashboards/index.html.erb within layouts/application (0.0ms)
Completed 500 Internal Server Error in 675ms

ActionView::Template::Error (Invalid CSS after "	border-bottom:": expected pseudoclass or pseudoelement, was " 4px solid rgba..."
  (in /Users/JS_MBA/Rails/social_map/app/assets/stylesheets/bootstrap_overrides.css.scss:8)):
     7: 	<meta http-equiv="X-UA-Compatible" content="IE=edge">
     8: 	<meta name="viewport" content="width=device-width, initial-scale=1">
     9: 	<link href="//maxcdn.bootstrapcdn.com/bootstrap/3.2.0/css/bootstrap.min.css" rel="stylesheet">
    10: 	<%= stylesheet_link_tag    'application', media: 'all', 'data-turbolinks-track' => true %>
    11: 	<%= javascript_include_tag 'application', 'data-turbolinks-track' => true %>
    12: 	
    13: 	<script src="//maxcdn.bootstrapcdn.com/bootstrap/3.2.0/js/bootstrap.min.js"></script>
  app/assets/stylesheets/bootstrap_overrides.css.scss:8
  app/views/layouts/application.html.erb:10:in `_app_views_layouts_application_html_erb___3176846184008815846_70311169823820'


  Rendered /Users/JS_MBA/.rbenv/versions/2.1.2/lib/ruby/gems/2.1.0/gems/actionpack-4.1.5/lib/action_dispatch/middleware/templates/rescues/_trace.html.erb (1.9ms)
  Rendered /Users/JS_MBA/.rbenv/versions/2.1.2/lib/ruby/gems/2.1.0/gems/actionpack-4.1.5/lib/action_dispatch/middleware/templates/rescues/_request_and_response.html.erb (1.1ms)
  Rendered /Users/JS_MBA/.rbenv/versions/2.1.2/lib/ruby/gems/2.1.0/gems/actionpack-4.1.5/lib/action_dispatch/middleware/templates/rescues/template_error.html.erb within rescues/layout (13.5ms)


Started GET "/" for 127.0.0.1 at 2014-08-19 00:12:44 -0400
Processing by DashboardsController#index as HTML
  Rendered dashboards/index.html.erb within layouts/application (0.1ms)
Completed 200 OK in 909ms (Views: 51.7ms | ActiveRecord: 0.0ms)


Started GET "/" for 127.0.0.1 at 2014-08-19 00:12:53 -0400
Processing by DashboardsController#index as HTML
  Rendered dashboards/index.html.erb within layouts/application (0.1ms)
Completed 200 OK in 399ms (Views: 48.5ms | ActiveRecord: 0.0ms)


Started GET "/" for 127.0.0.1 at 2014-08-19 00:13:49 -0400
Processing by DashboardsController#index as HTML
  Rendered dashboards/index.html.erb within layouts/application (0.1ms)
Completed 200 OK in 588ms (Views: 55.2ms | ActiveRecord: 0.0ms)


Started GET "/" for 127.0.0.1 at 2014-08-19 00:14:57 -0400
Processing by DashboardsController#index as HTML
  Rendered dashboards/index.html.erb within layouts/application (0.0ms)
Completed 200 OK in 366ms (Views: 47.4ms | ActiveRecord: 0.0ms)


Started GET "/" for 127.0.0.1 at 2014-08-19 00:17:01 -0400
Processing by DashboardsController#index as HTML
  Rendered dashboards/index.html.erb within layouts/application (0.1ms)
Completed 200 OK in 357ms (Views: 24.5ms | ActiveRecord: 0.0ms)


Started GET "/" for 127.0.0.1 at 2014-08-19 00:21:04 -0400
Processing by DashboardsController#index as HTML
  Rendered dashboards/index.html.erb within layouts/application (0.1ms)
Completed 200 OK in 2196ms (Views: 31.8ms | ActiveRecord: 0.0ms)


Started GET "/" for 127.0.0.1 at 2014-08-19 00:21:18 -0400
Processing by DashboardsController#index as HTML
  Rendered dashboards/index.html.erb within layouts/application (0.1ms)
Completed 200 OK in 1149ms (Views: 29.6ms | ActiveRecord: 0.0ms)


Started GET "/" for 127.0.0.1 at 2014-08-19 00:26:21 -0400
Processing by DashboardsController#index as HTML
  Rendered dashboards/index.html.erb within layouts/application (0.1ms)
Completed 200 OK in 784ms (Views: 124.2ms | ActiveRecord: 0.0ms)


Started GET "/" for 127.0.0.1 at 2014-08-19 00:27:17 -0400
Processing by DashboardsController#index as HTML
  Rendered dashboards/index.html.erb within layouts/application (0.1ms)
Completed 200 OK in 368ms (Views: 78.4ms | ActiveRecord: 0.0ms)


Started GET "/" for 127.0.0.1 at 2014-08-19 00:30:36 -0400
Processing by DashboardsController#index as HTML
  Rendered dashboards/index.html.erb within layouts/application (0.1ms)
Completed 200 OK in 495ms (Views: 151.1ms | ActiveRecord: 0.0ms)
